08-Mar-2024 19:34:43.906 정보 [main] org.apache.catalina.startup.VersionLoggerListener.log 서버 버전 이름:    Apache Tomcat/10.1.19
08-Mar-2024 19:34:43.910 정보 [main] org.apache.catalina.startup.VersionLoggerListener.log Server 빌드 시각:  Feb 14 2024 19:36:50 UTC
08-Mar-2024 19:34:43.910 정보 [main] org.apache.catalina.startup.VersionLoggerListener.log Server 버전 번호:  10.1.19.0
08-Mar-2024 19:34:43.910 정보 [main] org.apache.catalina.startup.VersionLoggerListener.log 운영체제 이름:     Windows 11
08-Mar-2024 19:34:43.910 정보 [main] org.apache.catalina.startup.VersionLoggerListener.log 운영체제 버전:     10.0
08-Mar-2024 19:34:43.910 정보 [main] org.apache.catalina.startup.VersionLoggerListener.log 아키텍처:          amd64
08-Mar-2024 19:34:43.911 정보 [main] org.apache.catalina.startup.VersionLoggerListener.log 자바 홈:           C:\Users\lch94\.jdks\corretto-17.0.10
08-Mar-2024 19:34:43.911 정보 [main] org.apache.catalina.startup.VersionLoggerListener.log JVM 버전:          17.0.10+7-LTS
08-Mar-2024 19:34:43.911 정보 [main] org.apache.catalina.startup.VersionLoggerListener.log JVM 벤더:          Amazon.com Inc.
08-Mar-2024 19:34:43.911 정보 [main] org.apache.catalina.startup.VersionLoggerListener.log CATALINA_BASE:     C:\Java\JSP_projects\JSP_Community\src\main\webapp
08-Mar-2024 19:34:43.911 정보 [main] org.apache.catalina.startup.VersionLoggerListener.log CATALINA_HOME:     C:\Java\apache-tomcat-10.1.19
08-Mar-2024 19:34:43.920 정보 [main] org.apache.catalina.startup.VersionLoggerListener.log 명령 행 아규먼트:  --add-opens=java.base/java.lang=ALL-UNNAMED
08-Mar-2024 19:34:43.921 정보 [main] org.apache.catalina.startup.VersionLoggerListener.log 명령 행 아규먼트:  --add-opens=java.base/java.io=ALL-UNNAMED
08-Mar-2024 19:34:43.921 정보 [main] org.apache.catalina.startup.VersionLoggerListener.log 명령 행 아규먼트:  --add-opens=java.base/java.util=ALL-UNNAMED
08-Mar-2024 19:34:43.921 정보 [main] org.apache.catalina.startup.VersionLoggerListener.log 명령 행 아규먼트:  --add-opens=java.base/java.util.concurrent=ALL-UNNAMED
08-Mar-2024 19:34:43.921 정보 [main] org.apache.catalina.startup.VersionLoggerListener.log 명령 행 아규먼트:  --add-opens=java.rmi/sun.rmi.transport=ALL-UNNAMED
08-Mar-2024 19:34:43.921 정보 [main] org.apache.catalina.startup.VersionLoggerListener.log 명령 행 아규먼트:  -Dcatalina.home=C:\Java\apache-tomcat-10.1.19
08-Mar-2024 19:34:43.921 정보 [main] org.apache.catalina.startup.VersionLoggerListener.log 명령 행 아규먼트:  -Dcatalina.base=C:\Java\JSP_projects\JSP_Community\src\main\webapp
08-Mar-2024 19:34:43.921 정보 [main] org.apache.catalina.startup.VersionLoggerListener.log 명령 행 아규먼트:  -Djava.io.tmpdir=C:\Java\JSP_projects\JSP_Community\src\main\webapp\temp
08-Mar-2024 19:34:43.921 정보 [main] org.apache.catalina.startup.VersionLoggerListener.log 명령 행 아규먼트:  -Djava.util.logging.config.file=C:\Java\JSP_projects\JSP_Community\src\main\webapp\conf\logging.properties
08-Mar-2024 19:34:43.921 정보 [main] org.apache.catalina.startup.VersionLoggerListener.log 명령 행 아규먼트:  -Djava.util.logging.manager=org.apache.juli.ClassLoaderLogManager
08-Mar-2024 19:34:43.922 정보 [main] org.apache.catalina.startup.VersionLoggerListener.log 명령 행 아규먼트:  -javaagent:C:\Program Files\JetBrains\IntelliJ IDEA 2023.3.2\lib\idea_rt.jar=2786:C:\Program Files\JetBrains\IntelliJ IDEA 2023.3.2\bin
08-Mar-2024 19:34:43.922 정보 [main] org.apache.catalina.startup.VersionLoggerListener.log 명령 행 아규먼트:  -Dfile.encoding=UTF-8
08-Mar-2024 19:34:43.928 정보 [main] org.apache.catalina.core.AprLifecycleListener.lifecycleEvent APR 버전 [1.7.4]을(를) 사용한, APR 기반 Apache Tomcat Native 라이브러리 [2.0.7]을(를) 로드했습니다.
08-Mar-2024 19:34:43.958 정보 [main] org.apache.catalina.core.AprLifecycleListener.initializeSSL OpenSSL이 성공적으로 초기화되었습니다: [OpenSSL 3.0.13 30 Jan 2024]
08-Mar-2024 19:34:44.127 정보 [main] org.apache.coyote.AbstractProtocol.init 프로토콜 핸들러 ["http-nio-8080"]을(를) 초기화합니다.
08-Mar-2024 19:34:44.149 정보 [main] org.apache.catalina.startup.Catalina.load [411] 밀리초 내에 서버가 초기화되었습니다.
08-Mar-2024 19:34:44.204 정보 [main] org.apache.catalina.core.StandardService.startInternal 서비스 [Catalina]을(를) 시작합니다.
08-Mar-2024 19:34:44.204 정보 [main] org.apache.catalina.core.StandardEngine.startInternal 서버 엔진을 시작합니다: [Apache Tomcat/10.1.19]
08-Mar-2024 19:34:44.216 정보 [main] org.apache.catalina.startup.HostConfig.deployDescriptor 배치 descriptor [C:\Java\JSP_projects\JSP_Community\src\main\webapp\conf\Catalina\localhost\ROOT.xml]을(를) 배치합니다.
08-Mar-2024 19:34:44.549 정보 [main] org.apache.catalina.startup.HostConfig.deployDescriptor 배치 descriptor [C:\Java\JSP_projects\JSP_Community\src\main\webapp\conf\Catalina\localhost\ROOT.xml]의 배치가 [332] 밀리초 내에 완료되었습니다.
08-Mar-2024 19:34:44.553 정보 [main] org.apache.coyote.AbstractProtocol.start 프로토콜 핸들러 ["http-nio-8080"]을(를) 시작합니다.
08-Mar-2024 19:34:44.591 정보 [main] org.apache.catalina.startup.Catalina.start 서버가 [442] 밀리초 내에 시작되었습니다.
08-Mar-2024 19:35:14.394 정보 [Thread-1] org.apache.coyote.AbstractProtocol.pause 프로토콜 핸들러 ["http-nio-8080"]을(를) 일시 정지 중
08-Mar-2024 19:35:14.400 정보 [Thread-1] org.apache.catalina.core.StandardService.stopInternal 서비스 [Catalina]을(를) 중지시킵니다.
08-Mar-2024 19:35:14.409 정보 [Thread-1] org.apache.coyote.AbstractProtocol.stop 프로토콜 핸들러 ["http-nio-8080"]을(를) 중지시킵니다.
08-Mar-2024 19:35:14.411 정보 [Thread-1] org.apache.coyote.AbstractProtocol.destroy 프로토콜 핸들러 ["http-nio-8080"]을(를) 소멸시킵니다.
