11-Mar-2024 13:03:00.452 정보 [main] org.apache.catalina.startup.VersionLoggerListener.log 서버 버전 이름:    Apache Tomcat/10.1.19
11-Mar-2024 13:03:00.454 정보 [main] org.apache.catalina.startup.VersionLoggerListener.log Server 빌드 시각:  Feb 14 2024 19:36:50 UTC
11-Mar-2024 13:03:00.454 정보 [main] org.apache.catalina.startup.VersionLoggerListener.log Server 버전 번호:  10.1.19.0
11-Mar-2024 13:03:00.454 정보 [main] org.apache.catalina.startup.VersionLoggerListener.log 운영체제 이름:     Windows 11
11-Mar-2024 13:03:00.454 정보 [main] org.apache.catalina.startup.VersionLoggerListener.log 운영체제 버전:     10.0
11-Mar-2024 13:03:00.454 정보 [main] org.apache.catalina.startup.VersionLoggerListener.log 아키텍처:          amd64
11-Mar-2024 13:03:00.454 정보 [main] org.apache.catalina.startup.VersionLoggerListener.log 자바 홈:           C:\Users\lch94\.jdks\corretto-17.0.10
11-Mar-2024 13:03:00.454 정보 [main] org.apache.catalina.startup.VersionLoggerListener.log JVM 버전:          17.0.10+7-LTS
11-Mar-2024 13:03:00.455 정보 [main] org.apache.catalina.startup.VersionLoggerListener.log JVM 벤더:          Amazon.com Inc.
11-Mar-2024 13:03:00.455 정보 [main] org.apache.catalina.startup.VersionLoggerListener.log CATALINA_BASE:     C:\Java\JSP_projects\JSP_Community\src\main\webapp
11-Mar-2024 13:03:00.455 정보 [main] org.apache.catalina.startup.VersionLoggerListener.log CATALINA_HOME:     C:\Java\apache-tomcat-10.1.19
11-Mar-2024 13:03:00.460 정보 [main] org.apache.catalina.startup.VersionLoggerListener.log 명령 행 아규먼트:  --add-opens=java.base/java.lang=ALL-UNNAMED
11-Mar-2024 13:03:00.460 정보 [main] org.apache.catalina.startup.VersionLoggerListener.log 명령 행 아규먼트:  --add-opens=java.base/java.io=ALL-UNNAMED
11-Mar-2024 13:03:00.460 정보 [main] org.apache.catalina.startup.VersionLoggerListener.log 명령 행 아규먼트:  --add-opens=java.base/java.util=ALL-UNNAMED
11-Mar-2024 13:03:00.460 정보 [main] org.apache.catalina.startup.VersionLoggerListener.log 명령 행 아규먼트:  --add-opens=java.base/java.util.concurrent=ALL-UNNAMED
11-Mar-2024 13:03:00.460 정보 [main] org.apache.catalina.startup.VersionLoggerListener.log 명령 행 아규먼트:  --add-opens=java.rmi/sun.rmi.transport=ALL-UNNAMED
11-Mar-2024 13:03:00.460 정보 [main] org.apache.catalina.startup.VersionLoggerListener.log 명령 행 아규먼트:  -Dcatalina.home=C:\Java\apache-tomcat-10.1.19
11-Mar-2024 13:03:00.460 정보 [main] org.apache.catalina.startup.VersionLoggerListener.log 명령 행 아규먼트:  -Dcatalina.base=C:\Java\JSP_projects\JSP_Community\src\main\webapp
11-Mar-2024 13:03:00.460 정보 [main] org.apache.catalina.startup.VersionLoggerListener.log 명령 행 아규먼트:  -Djava.io.tmpdir=C:\Java\JSP_projects\JSP_Community\src\main\webapp\temp
11-Mar-2024 13:03:00.460 정보 [main] org.apache.catalina.startup.VersionLoggerListener.log 명령 행 아규먼트:  -Djava.util.logging.config.file=C:\Java\JSP_projects\JSP_Community\src\main\webapp\conf\logging.properties
11-Mar-2024 13:03:00.460 정보 [main] org.apache.catalina.startup.VersionLoggerListener.log 명령 행 아규먼트:  -Djava.util.logging.manager=org.apache.juli.ClassLoaderLogManager
11-Mar-2024 13:03:00.461 정보 [main] org.apache.catalina.startup.VersionLoggerListener.log 명령 행 아규먼트:  -javaagent:C:\Program Files\JetBrains\IntelliJ IDEA 2023.3.2\lib\idea_rt.jar=7150:C:\Program Files\JetBrains\IntelliJ IDEA 2023.3.2\bin
11-Mar-2024 13:03:00.461 정보 [main] org.apache.catalina.startup.VersionLoggerListener.log 명령 행 아규먼트:  -Dfile.encoding=UTF-8
11-Mar-2024 13:03:00.934 정보 [main] org.apache.catalina.core.AprLifecycleListener.lifecycleEvent APR 버전 [1.7.4]을(를) 사용한, APR 기반 Apache Tomcat Native 라이브러리 [2.0.7]을(를) 로드했습니다.
11-Mar-2024 13:03:00.937 정보 [main] org.apache.catalina.core.AprLifecycleListener.initializeSSL OpenSSL이 성공적으로 초기화되었습니다: [OpenSSL 3.0.13 30 Jan 2024]
11-Mar-2024 13:03:01.113 정보 [main] org.apache.coyote.AbstractProtocol.init 프로토콜 핸들러 ["http-nio-8080"]을(를) 초기화합니다.
11-Mar-2024 13:03:01.126 정보 [main] org.apache.catalina.startup.Catalina.load [830] 밀리초 내에 서버가 초기화되었습니다.
11-Mar-2024 13:03:01.173 정보 [main] org.apache.catalina.core.StandardService.startInternal 서비스 [Catalina]을(를) 시작합니다.
11-Mar-2024 13:03:01.173 정보 [main] org.apache.catalina.core.StandardEngine.startInternal 서버 엔진을 시작합니다: [Apache Tomcat/10.1.19]
11-Mar-2024 13:03:01.182 정보 [main] org.apache.catalina.startup.HostConfig.deployDescriptor 배치 descriptor [C:\Java\JSP_projects\JSP_Community\src\main\webapp\conf\Catalina\localhost\ROOT.xml]을(를) 배치합니다.
11-Mar-2024 13:03:01.522 정보 [main] org.apache.catalina.startup.HostConfig.deployDescriptor 배치 descriptor [C:\Java\JSP_projects\JSP_Community\src\main\webapp\conf\Catalina\localhost\ROOT.xml]의 배치가 [339] 밀리초 내에 완료되었습니다.
11-Mar-2024 13:03:01.528 정보 [main] org.apache.coyote.AbstractProtocol.start 프로토콜 핸들러 ["http-nio-8080"]을(를) 시작합니다.
11-Mar-2024 13:03:01.557 정보 [main] org.apache.catalina.startup.Catalina.start 서버가 [431] 밀리초 내에 시작되었습니다.
11-Mar-2024 13:03:41.580 정보 [Catalina-utility-2] org.apache.catalina.core.StandardContext.reload 이름이 []인 컨텍스트를 다시 로드하는 작업이 시작되었습니다.
11-Mar-2024 13:03:41.632 정보 [Catalina-utility-2] org.apache.catalina.core.StandardContext.reload 이름이 []인 컨텍스트를 다시 로드하는 것을 완료했습니다.
11-Mar-2024 13:04:18.682 정보 [Thread-1] org.apache.coyote.AbstractProtocol.pause 프로토콜 핸들러 ["http-nio-8080"]을(를) 일시 정지 중
11-Mar-2024 13:04:18.688 정보 [Thread-1] org.apache.catalina.core.StandardService.stopInternal 서비스 [Catalina]을(를) 중지시킵니다.
11-Mar-2024 13:04:18.694 정보 [Thread-1] org.apache.coyote.AbstractProtocol.stop 프로토콜 핸들러 ["http-nio-8080"]을(를) 중지시킵니다.
11-Mar-2024 13:04:18.700 정보 [Thread-1] org.apache.coyote.AbstractProtocol.destroy 프로토콜 핸들러 ["http-nio-8080"]을(를) 소멸시킵니다.
11-Mar-2024 13:04:20.531 정보 [main] org.apache.catalina.startup.VersionLoggerListener.log 서버 버전 이름:    Apache Tomcat/10.1.19
11-Mar-2024 13:04:20.534 정보 [main] org.apache.catalina.startup.VersionLoggerListener.log Server 빌드 시각:  Feb 14 2024 19:36:50 UTC
11-Mar-2024 13:04:20.535 정보 [main] org.apache.catalina.startup.VersionLoggerListener.log Server 버전 번호:  10.1.19.0
11-Mar-2024 13:04:20.535 정보 [main] org.apache.catalina.startup.VersionLoggerListener.log 운영체제 이름:     Windows 11
11-Mar-2024 13:04:20.535 정보 [main] org.apache.catalina.startup.VersionLoggerListener.log 운영체제 버전:     10.0
11-Mar-2024 13:04:20.535 정보 [main] org.apache.catalina.startup.VersionLoggerListener.log 아키텍처:          amd64
11-Mar-2024 13:04:20.535 정보 [main] org.apache.catalina.startup.VersionLoggerListener.log 자바 홈:           C:\Users\lch94\.jdks\corretto-17.0.10
11-Mar-2024 13:04:20.535 정보 [main] org.apache.catalina.startup.VersionLoggerListener.log JVM 버전:          17.0.10+7-LTS
11-Mar-2024 13:04:20.535 정보 [main] org.apache.catalina.startup.VersionLoggerListener.log JVM 벤더:          Amazon.com Inc.
11-Mar-2024 13:04:20.535 정보 [main] org.apache.catalina.startup.VersionLoggerListener.log CATALINA_BASE:     C:\Java\JSP_projects\JSP_Community\src\main\webapp
11-Mar-2024 13:04:20.535 정보 [main] org.apache.catalina.startup.VersionLoggerListener.log CATALINA_HOME:     C:\Java\apache-tomcat-10.1.19
11-Mar-2024 13:04:20.541 정보 [main] org.apache.catalina.startup.VersionLoggerListener.log 명령 행 아규먼트:  --add-opens=java.base/java.lang=ALL-UNNAMED
11-Mar-2024 13:04:20.541 정보 [main] org.apache.catalina.startup.VersionLoggerListener.log 명령 행 아규먼트:  --add-opens=java.base/java.io=ALL-UNNAMED
11-Mar-2024 13:04:20.542 정보 [main] org.apache.catalina.startup.VersionLoggerListener.log 명령 행 아규먼트:  --add-opens=java.base/java.util=ALL-UNNAMED
11-Mar-2024 13:04:20.542 정보 [main] org.apache.catalina.startup.VersionLoggerListener.log 명령 행 아규먼트:  --add-opens=java.base/java.util.concurrent=ALL-UNNAMED
11-Mar-2024 13:04:20.542 정보 [main] org.apache.catalina.startup.VersionLoggerListener.log 명령 행 아규먼트:  --add-opens=java.rmi/sun.rmi.transport=ALL-UNNAMED
11-Mar-2024 13:04:20.542 정보 [main] org.apache.catalina.startup.VersionLoggerListener.log 명령 행 아규먼트:  -Dcatalina.home=C:\Java\apache-tomcat-10.1.19
11-Mar-2024 13:04:20.542 정보 [main] org.apache.catalina.startup.VersionLoggerListener.log 명령 행 아규먼트:  -Dcatalina.base=C:\Java\JSP_projects\JSP_Community\src\main\webapp
11-Mar-2024 13:04:20.543 정보 [main] org.apache.catalina.startup.VersionLoggerListener.log 명령 행 아규먼트:  -Djava.io.tmpdir=C:\Java\JSP_projects\JSP_Community\src\main\webapp\temp
11-Mar-2024 13:04:20.543 정보 [main] org.apache.catalina.startup.VersionLoggerListener.log 명령 행 아규먼트:  -Djava.util.logging.config.file=C:\Java\JSP_projects\JSP_Community\src\main\webapp\conf\logging.properties
11-Mar-2024 13:04:20.543 정보 [main] org.apache.catalina.startup.VersionLoggerListener.log 명령 행 아규먼트:  -Djava.util.logging.manager=org.apache.juli.ClassLoaderLogManager
11-Mar-2024 13:04:20.543 정보 [main] org.apache.catalina.startup.VersionLoggerListener.log 명령 행 아규먼트:  -javaagent:C:\Program Files\JetBrains\IntelliJ IDEA 2023.3.2\lib\idea_rt.jar=7195:C:\Program Files\JetBrains\IntelliJ IDEA 2023.3.2\bin
11-Mar-2024 13:04:20.543 정보 [main] org.apache.catalina.startup.VersionLoggerListener.log 명령 행 아규먼트:  -Dfile.encoding=UTF-8
11-Mar-2024 13:04:20.545 정보 [main] org.apache.catalina.core.AprLifecycleListener.lifecycleEvent APR 버전 [1.7.4]을(를) 사용한, APR 기반 Apache Tomcat Native 라이브러리 [2.0.7]을(를) 로드했습니다.
11-Mar-2024 13:04:20.548 정보 [main] org.apache.catalina.core.AprLifecycleListener.initializeSSL OpenSSL이 성공적으로 초기화되었습니다: [OpenSSL 3.0.13 30 Jan 2024]
11-Mar-2024 13:04:20.688 정보 [main] org.apache.coyote.AbstractProtocol.init 프로토콜 핸들러 ["http-nio-8080"]을(를) 초기화합니다.
11-Mar-2024 13:04:20.702 정보 [main] org.apache.catalina.startup.Catalina.load [296] 밀리초 내에 서버가 초기화되었습니다.
11-Mar-2024 13:04:20.741 정보 [main] org.apache.catalina.core.StandardService.startInternal 서비스 [Catalina]을(를) 시작합니다.
11-Mar-2024 13:04:20.741 정보 [main] org.apache.catalina.core.StandardEngine.startInternal 서버 엔진을 시작합니다: [Apache Tomcat/10.1.19]
11-Mar-2024 13:04:20.753 정보 [main] org.apache.catalina.startup.HostConfig.deployDescriptor 배치 descriptor [C:\Java\JSP_projects\JSP_Community\src\main\webapp\conf\Catalina\localhost\ROOT.xml]을(를) 배치합니다.
11-Mar-2024 13:04:21.107 정보 [main] org.apache.catalina.startup.HostConfig.deployDescriptor 배치 descriptor [C:\Java\JSP_projects\JSP_Community\src\main\webapp\conf\Catalina\localhost\ROOT.xml]의 배치가 [352] 밀리초 내에 완료되었습니다.
11-Mar-2024 13:04:21.111 정보 [main] org.apache.coyote.AbstractProtocol.start 프로토콜 핸들러 ["http-nio-8080"]을(를) 시작합니다.
11-Mar-2024 13:04:21.144 정보 [main] org.apache.catalina.startup.Catalina.start 서버가 [441] 밀리초 내에 시작되었습니다.
11-Mar-2024 13:08:16.302 정보 [Thread-1] org.apache.coyote.AbstractProtocol.pause 프로토콜 핸들러 ["http-nio-8080"]을(를) 일시 정지 중
11-Mar-2024 13:08:16.311 정보 [Thread-1] org.apache.catalina.core.StandardService.stopInternal 서비스 [Catalina]을(를) 중지시킵니다.
11-Mar-2024 13:08:16.322 정보 [Thread-1] org.apache.coyote.AbstractProtocol.stop 프로토콜 핸들러 ["http-nio-8080"]을(를) 중지시킵니다.
11-Mar-2024 13:08:16.326 정보 [Thread-1] org.apache.coyote.AbstractProtocol.destroy 프로토콜 핸들러 ["http-nio-8080"]을(를) 소멸시킵니다.
11-Mar-2024 13:08:17.221 정보 [main] org.apache.catalina.startup.VersionLoggerListener.log 서버 버전 이름:    Apache Tomcat/10.1.19
11-Mar-2024 13:08:17.225 정보 [main] org.apache.catalina.startup.VersionLoggerListener.log Server 빌드 시각:  Feb 14 2024 19:36:50 UTC
11-Mar-2024 13:08:17.225 정보 [main] org.apache.catalina.startup.VersionLoggerListener.log Server 버전 번호:  10.1.19.0
11-Mar-2024 13:08:17.225 정보 [main] org.apache.catalina.startup.VersionLoggerListener.log 운영체제 이름:     Windows 11
11-Mar-2024 13:08:17.225 정보 [main] org.apache.catalina.startup.VersionLoggerListener.log 운영체제 버전:     10.0
11-Mar-2024 13:08:17.225 정보 [main] org.apache.catalina.startup.VersionLoggerListener.log 아키텍처:          amd64
11-Mar-2024 13:08:17.225 정보 [main] org.apache.catalina.startup.VersionLoggerListener.log 자바 홈:           C:\Users\lch94\.jdks\corretto-17.0.10
11-Mar-2024 13:08:17.225 정보 [main] org.apache.catalina.startup.VersionLoggerListener.log JVM 버전:          17.0.10+7-LTS
11-Mar-2024 13:08:17.225 정보 [main] org.apache.catalina.startup.VersionLoggerListener.log JVM 벤더:          Amazon.com Inc.
11-Mar-2024 13:08:17.226 정보 [main] org.apache.catalina.startup.VersionLoggerListener.log CATALINA_BASE:     C:\Java\JSP_projects\JSP_Community\src\main\webapp
11-Mar-2024 13:08:17.226 정보 [main] org.apache.catalina.startup.VersionLoggerListener.log CATALINA_HOME:     C:\Java\apache-tomcat-10.1.19
11-Mar-2024 13:08:17.231 정보 [main] org.apache.catalina.startup.VersionLoggerListener.log 명령 행 아규먼트:  --add-opens=java.base/java.lang=ALL-UNNAMED
11-Mar-2024 13:08:17.231 정보 [main] org.apache.catalina.startup.VersionLoggerListener.log 명령 행 아규먼트:  --add-opens=java.base/java.io=ALL-UNNAMED
11-Mar-2024 13:08:17.231 정보 [main] org.apache.catalina.startup.VersionLoggerListener.log 명령 행 아규먼트:  --add-opens=java.base/java.util=ALL-UNNAMED
11-Mar-2024 13:08:17.231 정보 [main] org.apache.catalina.startup.VersionLoggerListener.log 명령 행 아규먼트:  --add-opens=java.base/java.util.concurrent=ALL-UNNAMED
11-Mar-2024 13:08:17.231 정보 [main] org.apache.catalina.startup.VersionLoggerListener.log 명령 행 아규먼트:  --add-opens=java.rmi/sun.rmi.transport=ALL-UNNAMED
11-Mar-2024 13:08:17.231 정보 [main] org.apache.catalina.startup.VersionLoggerListener.log 명령 행 아규먼트:  -Dcatalina.home=C:\Java\apache-tomcat-10.1.19
11-Mar-2024 13:08:17.232 정보 [main] org.apache.catalina.startup.VersionLoggerListener.log 명령 행 아규먼트:  -Dcatalina.base=C:\Java\JSP_projects\JSP_Community\src\main\webapp
11-Mar-2024 13:08:17.232 정보 [main] org.apache.catalina.startup.VersionLoggerListener.log 명령 행 아규먼트:  -Djava.io.tmpdir=C:\Java\JSP_projects\JSP_Community\src\main\webapp\temp
11-Mar-2024 13:08:17.232 정보 [main] org.apache.catalina.startup.VersionLoggerListener.log 명령 행 아규먼트:  -Djava.util.logging.config.file=C:\Java\JSP_projects\JSP_Community\src\main\webapp\conf\logging.properties
11-Mar-2024 13:08:17.232 정보 [main] org.apache.catalina.startup.VersionLoggerListener.log 명령 행 아규먼트:  -Djava.util.logging.manager=org.apache.juli.ClassLoaderLogManager
11-Mar-2024 13:08:17.232 정보 [main] org.apache.catalina.startup.VersionLoggerListener.log 명령 행 아규먼트:  -javaagent:C:\Program Files\JetBrains\IntelliJ IDEA 2023.3.2\lib\idea_rt.jar=7312:C:\Program Files\JetBrains\IntelliJ IDEA 2023.3.2\bin
11-Mar-2024 13:08:17.233 정보 [main] org.apache.catalina.startup.VersionLoggerListener.log 명령 행 아규먼트:  -Dfile.encoding=UTF-8
11-Mar-2024 13:08:17.235 정보 [main] org.apache.catalina.core.AprLifecycleListener.lifecycleEvent APR 버전 [1.7.4]을(를) 사용한, APR 기반 Apache Tomcat Native 라이브러리 [2.0.7]을(를) 로드했습니다.
11-Mar-2024 13:08:17.237 정보 [main] org.apache.catalina.core.AprLifecycleListener.initializeSSL OpenSSL이 성공적으로 초기화되었습니다: [OpenSSL 3.0.13 30 Jan 2024]
11-Mar-2024 13:08:17.370 정보 [main] org.apache.coyote.AbstractProtocol.init 프로토콜 핸들러 ["http-nio-8080"]을(를) 초기화합니다.
11-Mar-2024 13:08:17.384 정보 [main] org.apache.catalina.startup.Catalina.load [292] 밀리초 내에 서버가 초기화되었습니다.
11-Mar-2024 13:08:17.425 정보 [main] org.apache.catalina.core.StandardService.startInternal 서비스 [Catalina]을(를) 시작합니다.
11-Mar-2024 13:08:17.425 정보 [main] org.apache.catalina.core.StandardEngine.startInternal 서버 엔진을 시작합니다: [Apache Tomcat/10.1.19]
11-Mar-2024 13:08:17.437 정보 [main] org.apache.catalina.startup.HostConfig.deployDescriptor 배치 descriptor [C:\Java\JSP_projects\JSP_Community\src\main\webapp\conf\Catalina\localhost\ROOT.xml]을(를) 배치합니다.
11-Mar-2024 13:08:17.802 정보 [main] org.apache.catalina.startup.HostConfig.deployDescriptor 배치 descriptor [C:\Java\JSP_projects\JSP_Community\src\main\webapp\conf\Catalina\localhost\ROOT.xml]의 배치가 [364] 밀리초 내에 완료되었습니다.
11-Mar-2024 13:08:17.805 정보 [main] org.apache.coyote.AbstractProtocol.start 프로토콜 핸들러 ["http-nio-8080"]을(를) 시작합니다.
11-Mar-2024 13:08:17.834 정보 [main] org.apache.catalina.startup.Catalina.start 서버가 [449] 밀리초 내에 시작되었습니다.
11-Mar-2024 13:09:17.879 정보 [Catalina-utility-2] org.apache.catalina.users.MemoryUserDatabase.backgroundProcess 변경된 소스 [file:/C:/Java/JSP_projects/JSP_Community/src/main/webapp/conf/tomcat-users.xml](으)로부터 메모리 사용자 데이터베이스 [UserDatabase]을(를) 다시 로드합니다.
11-Mar-2024 13:09:17.880 심각 [Catalina-utility-2] org.apache.catalina.users.MemoryUserDatabase.open 지정된 사용자 데이터베이스 [conf/tomcat-users.xml]을(를) 찾을 수 없었습니다.
11-Mar-2024 13:09:18.394 정보 [Catalina-utility-2] org.apache.catalina.startup.HostConfig.undeploy 컨텍스트 []의 배치를 제거합니다.
11-Mar-2024 13:09:28.411 정보 [Catalina-utility-2] org.apache.catalina.users.MemoryUserDatabase.backgroundProcess 변경된 소스 [file:/C:/Java/JSP_projects/JSP_Community/src/main/webapp/conf/tomcat-users.xml](으)로부터 메모리 사용자 데이터베이스 [UserDatabase]을(를) 다시 로드합니다.
11-Mar-2024 13:09:28.413 정보 [Catalina-utility-2] org.apache.catalina.startup.HostConfig.deployDescriptor 배치 descriptor [C:\Java\JSP_projects\JSP_Community\src\main\webapp\conf\Catalina\localhost\ROOT.xml]을(를) 배치합니다.
11-Mar-2024 13:09:28.444 정보 [Catalina-utility-2] org.apache.catalina.startup.HostConfig.deployDescriptor 배치 descriptor [C:\Java\JSP_projects\JSP_Community\src\main\webapp\conf\Catalina\localhost\ROOT.xml]의 배치가 [30] 밀리초 내에 완료되었습니다.
11-Mar-2024 13:15:26.016 정보 [Thread-1] org.apache.coyote.AbstractProtocol.pause 프로토콜 핸들러 ["http-nio-8080"]을(를) 일시 정지 중
11-Mar-2024 13:15:26.024 정보 [Thread-1] org.apache.catalina.core.StandardService.stopInternal 서비스 [Catalina]을(를) 중지시킵니다.
11-Mar-2024 13:15:26.027 정보 [Thread-1] org.apache.coyote.AbstractProtocol.stop 프로토콜 핸들러 ["http-nio-8080"]을(를) 중지시킵니다.
11-Mar-2024 13:15:26.031 정보 [Thread-1] org.apache.coyote.AbstractProtocol.destroy 프로토콜 핸들러 ["http-nio-8080"]을(를) 소멸시킵니다.
11-Mar-2024 13:15:27.089 정보 [main] org.apache.catalina.startup.VersionLoggerListener.log 서버 버전 이름:    Apache Tomcat/10.1.19
11-Mar-2024 13:15:27.093 정보 [main] org.apache.catalina.startup.VersionLoggerListener.log Server 빌드 시각:  Feb 14 2024 19:36:50 UTC
11-Mar-2024 13:15:27.093 정보 [main] org.apache.catalina.startup.VersionLoggerListener.log Server 버전 번호:  10.1.19.0
11-Mar-2024 13:15:27.093 정보 [main] org.apache.catalina.startup.VersionLoggerListener.log 운영체제 이름:     Windows 11
11-Mar-2024 13:15:27.093 정보 [main] org.apache.catalina.startup.VersionLoggerListener.log 운영체제 버전:     10.0
11-Mar-2024 13:15:27.093 정보 [main] org.apache.catalina.startup.VersionLoggerListener.log 아키텍처:          amd64
11-Mar-2024 13:15:27.093 정보 [main] org.apache.catalina.startup.VersionLoggerListener.log 자바 홈:           C:\Users\lch94\.jdks\corretto-17.0.10
11-Mar-2024 13:15:27.093 정보 [main] org.apache.catalina.startup.VersionLoggerListener.log JVM 버전:          17.0.10+7-LTS
11-Mar-2024 13:15:27.093 정보 [main] org.apache.catalina.startup.VersionLoggerListener.log JVM 벤더:          Amazon.com Inc.
11-Mar-2024 13:15:27.093 정보 [main] org.apache.catalina.startup.VersionLoggerListener.log CATALINA_BASE:     C:\Java\JSP_projects\JSP_Community\src\main\webapp
11-Mar-2024 13:15:27.093 정보 [main] org.apache.catalina.startup.VersionLoggerListener.log CATALINA_HOME:     C:\Java\apache-tomcat-10.1.19
11-Mar-2024 13:15:27.100 정보 [main] org.apache.catalina.startup.VersionLoggerListener.log 명령 행 아규먼트:  --add-opens=java.base/java.lang=ALL-UNNAMED
11-Mar-2024 13:15:27.100 정보 [main] org.apache.catalina.startup.VersionLoggerListener.log 명령 행 아규먼트:  --add-opens=java.base/java.io=ALL-UNNAMED
11-Mar-2024 13:15:27.100 정보 [main] org.apache.catalina.startup.VersionLoggerListener.log 명령 행 아규먼트:  --add-opens=java.base/java.util=ALL-UNNAMED
11-Mar-2024 13:15:27.100 정보 [main] org.apache.catalina.startup.VersionLoggerListener.log 명령 행 아규먼트:  --add-opens=java.base/java.util.concurrent=ALL-UNNAMED
11-Mar-2024 13:15:27.100 정보 [main] org.apache.catalina.startup.VersionLoggerListener.log 명령 행 아규먼트:  --add-opens=java.rmi/sun.rmi.transport=ALL-UNNAMED
11-Mar-2024 13:15:27.100 정보 [main] org.apache.catalina.startup.VersionLoggerListener.log 명령 행 아규먼트:  -Dcatalina.home=C:\Java\apache-tomcat-10.1.19
11-Mar-2024 13:15:27.100 정보 [main] org.apache.catalina.startup.VersionLoggerListener.log 명령 행 아규먼트:  -Dcatalina.base=C:\Java\JSP_projects\JSP_Community\src\main\webapp
11-Mar-2024 13:15:27.101 정보 [main] org.apache.catalina.startup.VersionLoggerListener.log 명령 행 아규먼트:  -Djava.io.tmpdir=C:\Java\JSP_projects\JSP_Community\src\main\webapp\temp
11-Mar-2024 13:15:27.101 정보 [main] org.apache.catalina.startup.VersionLoggerListener.log 명령 행 아규먼트:  -Djava.util.logging.config.file=C:\Java\JSP_projects\JSP_Community\src\main\webapp\conf\logging.properties
11-Mar-2024 13:15:27.101 정보 [main] org.apache.catalina.startup.VersionLoggerListener.log 명령 행 아규먼트:  -Djava.util.logging.manager=org.apache.juli.ClassLoaderLogManager
11-Mar-2024 13:15:27.101 정보 [main] org.apache.catalina.startup.VersionLoggerListener.log 명령 행 아규먼트:  -javaagent:C:\Program Files\JetBrains\IntelliJ IDEA 2023.3.2\lib\idea_rt.jar=7438:C:\Program Files\JetBrains\IntelliJ IDEA 2023.3.2\bin
11-Mar-2024 13:15:27.102 정보 [main] org.apache.catalina.startup.VersionLoggerListener.log 명령 행 아규먼트:  -Dfile.encoding=UTF-8
11-Mar-2024 13:15:27.103 정보 [main] org.apache.catalina.core.AprLifecycleListener.lifecycleEvent APR 버전 [1.7.4]을(를) 사용한, APR 기반 Apache Tomcat Native 라이브러리 [2.0.7]을(를) 로드했습니다.
11-Mar-2024 13:15:27.106 정보 [main] org.apache.catalina.core.AprLifecycleListener.initializeSSL OpenSSL이 성공적으로 초기화되었습니다: [OpenSSL 3.0.13 30 Jan 2024]
11-Mar-2024 13:15:27.242 정보 [main] org.apache.coyote.AbstractProtocol.init 프로토콜 핸들러 ["http-nio-8080"]을(를) 초기화합니다.
11-Mar-2024 13:15:27.258 정보 [main] org.apache.catalina.startup.Catalina.load [299] 밀리초 내에 서버가 초기화되었습니다.
11-Mar-2024 13:15:27.308 정보 [main] org.apache.catalina.core.StandardService.startInternal 서비스 [Catalina]을(를) 시작합니다.
11-Mar-2024 13:15:27.309 정보 [main] org.apache.catalina.core.StandardEngine.startInternal 서버 엔진을 시작합니다: [Apache Tomcat/10.1.19]
11-Mar-2024 13:15:27.323 정보 [main] org.apache.catalina.startup.HostConfig.deployDescriptor 배치 descriptor [C:\Java\JSP_projects\JSP_Community\src\main\webapp\conf\Catalina\localhost\ROOT.xml]을(를) 배치합니다.
11-Mar-2024 13:15:27.706 정보 [main] org.apache.catalina.startup.HostConfig.deployDescriptor 배치 descriptor [C:\Java\JSP_projects\JSP_Community\src\main\webapp\conf\Catalina\localhost\ROOT.xml]의 배치가 [381] 밀리초 내에 완료되었습니다.
11-Mar-2024 13:15:27.710 정보 [main] org.apache.coyote.AbstractProtocol.start 프로토콜 핸들러 ["http-nio-8080"]을(를) 시작합니다.
11-Mar-2024 13:15:27.740 정보 [main] org.apache.catalina.startup.Catalina.start 서버가 [481] 밀리초 내에 시작되었습니다.
11-Mar-2024 13:19:38.053 정보 [Thread-1] org.apache.coyote.AbstractProtocol.pause 프로토콜 핸들러 ["http-nio-8080"]을(를) 일시 정지 중
11-Mar-2024 13:19:38.059 정보 [Thread-1] org.apache.catalina.core.StandardService.stopInternal 서비스 [Catalina]을(를) 중지시킵니다.
11-Mar-2024 13:19:38.064 정보 [Thread-1] org.apache.coyote.AbstractProtocol.stop 프로토콜 핸들러 ["http-nio-8080"]을(를) 중지시킵니다.
11-Mar-2024 13:19:38.067 정보 [Thread-1] org.apache.coyote.AbstractProtocol.destroy 프로토콜 핸들러 ["http-nio-8080"]을(를) 소멸시킵니다.
11-Mar-2024 13:19:39.894 정보 [main] org.apache.catalina.startup.VersionLoggerListener.log 서버 버전 이름:    Apache Tomcat/10.1.19
11-Mar-2024 13:19:39.897 정보 [main] org.apache.catalina.startup.VersionLoggerListener.log Server 빌드 시각:  Feb 14 2024 19:36:50 UTC
11-Mar-2024 13:19:39.897 정보 [main] org.apache.catalina.startup.VersionLoggerListener.log Server 버전 번호:  10.1.19.0
11-Mar-2024 13:19:39.897 정보 [main] org.apache.catalina.startup.VersionLoggerListener.log 운영체제 이름:     Windows 11
11-Mar-2024 13:19:39.898 정보 [main] org.apache.catalina.startup.VersionLoggerListener.log 운영체제 버전:     10.0
11-Mar-2024 13:19:39.898 정보 [main] org.apache.catalina.startup.VersionLoggerListener.log 아키텍처:          amd64
11-Mar-2024 13:19:39.898 정보 [main] org.apache.catalina.startup.VersionLoggerListener.log 자바 홈:           C:\Users\lch94\.jdks\corretto-17.0.10
11-Mar-2024 13:19:39.898 정보 [main] org.apache.catalina.startup.VersionLoggerListener.log JVM 버전:          17.0.10+7-LTS
11-Mar-2024 13:19:39.898 정보 [main] org.apache.catalina.startup.VersionLoggerListener.log JVM 벤더:          Amazon.com Inc.
11-Mar-2024 13:19:39.898 정보 [main] org.apache.catalina.startup.VersionLoggerListener.log CATALINA_BASE:     C:\Java\JSP_projects\JSP_Community\src\main\webapp
11-Mar-2024 13:19:39.898 정보 [main] org.apache.catalina.startup.VersionLoggerListener.log CATALINA_HOME:     C:\Java\apache-tomcat-10.1.19
11-Mar-2024 13:19:39.904 정보 [main] org.apache.catalina.startup.VersionLoggerListener.log 명령 행 아규먼트:  --add-opens=java.base/java.lang=ALL-UNNAMED
11-Mar-2024 13:19:39.904 정보 [main] org.apache.catalina.startup.VersionLoggerListener.log 명령 행 아규먼트:  --add-opens=java.base/java.io=ALL-UNNAMED
11-Mar-2024 13:19:39.904 정보 [main] org.apache.catalina.startup.VersionLoggerListener.log 명령 행 아규먼트:  --add-opens=java.base/java.util=ALL-UNNAMED
11-Mar-2024 13:19:39.905 정보 [main] org.apache.catalina.startup.VersionLoggerListener.log 명령 행 아규먼트:  --add-opens=java.base/java.util.concurrent=ALL-UNNAMED
11-Mar-2024 13:19:39.905 정보 [main] org.apache.catalina.startup.VersionLoggerListener.log 명령 행 아규먼트:  --add-opens=java.rmi/sun.rmi.transport=ALL-UNNAMED
11-Mar-2024 13:19:39.905 정보 [main] org.apache.catalina.startup.VersionLoggerListener.log 명령 행 아규먼트:  -Dcatalina.home=C:\Java\apache-tomcat-10.1.19
11-Mar-2024 13:19:39.905 정보 [main] org.apache.catalina.startup.VersionLoggerListener.log 명령 행 아규먼트:  -Dcatalina.base=C:\Java\JSP_projects\JSP_Community\src\main\webapp
11-Mar-2024 13:19:39.905 정보 [main] org.apache.catalina.startup.VersionLoggerListener.log 명령 행 아규먼트:  -Djava.io.tmpdir=C:\Java\JSP_projects\JSP_Community\src\main\webapp\temp
11-Mar-2024 13:19:39.905 정보 [main] org.apache.catalina.startup.VersionLoggerListener.log 명령 행 아규먼트:  -Djava.util.logging.config.file=C:\Java\JSP_projects\JSP_Community\src\main\webapp\conf\logging.properties
11-Mar-2024 13:19:39.905 정보 [main] org.apache.catalina.startup.VersionLoggerListener.log 명령 행 아규먼트:  -Djava.util.logging.manager=org.apache.juli.ClassLoaderLogManager
11-Mar-2024 13:19:39.906 정보 [main] org.apache.catalina.startup.VersionLoggerListener.log 명령 행 아규먼트:  -javaagent:C:\Program Files\JetBrains\IntelliJ IDEA 2023.3.2\lib\idea_rt.jar=7491:C:\Program Files\JetBrains\IntelliJ IDEA 2023.3.2\bin
11-Mar-2024 13:19:39.906 정보 [main] org.apache.catalina.startup.VersionLoggerListener.log 명령 행 아규먼트:  -Dfile.encoding=UTF-8
11-Mar-2024 13:19:39.907 정보 [main] org.apache.catalina.core.AprLifecycleListener.lifecycleEvent APR 버전 [1.7.4]을(를) 사용한, APR 기반 Apache Tomcat Native 라이브러리 [2.0.7]을(를) 로드했습니다.
11-Mar-2024 13:19:39.910 정보 [main] org.apache.catalina.core.AprLifecycleListener.initializeSSL OpenSSL이 성공적으로 초기화되었습니다: [OpenSSL 3.0.13 30 Jan 2024]
11-Mar-2024 13:19:40.041 정보 [main] org.apache.coyote.AbstractProtocol.init 프로토콜 핸들러 ["http-nio-8080"]을(를) 초기화합니다.
11-Mar-2024 13:19:40.055 정보 [main] org.apache.catalina.startup.Catalina.load [288] 밀리초 내에 서버가 초기화되었습니다.
11-Mar-2024 13:19:40.098 정보 [main] org.apache.catalina.core.StandardService.startInternal 서비스 [Catalina]을(를) 시작합니다.
11-Mar-2024 13:19:40.098 정보 [main] org.apache.catalina.core.StandardEngine.startInternal 서버 엔진을 시작합니다: [Apache Tomcat/10.1.19]
11-Mar-2024 13:19:40.110 정보 [main] org.apache.catalina.startup.HostConfig.deployDescriptor 배치 descriptor [C:\Java\JSP_projects\JSP_Community\src\main\webapp\conf\Catalina\localhost\ROOT.xml]을(를) 배치합니다.
11-Mar-2024 13:19:40.472 정보 [main] org.apache.catalina.startup.HostConfig.deployDescriptor 배치 descriptor [C:\Java\JSP_projects\JSP_Community\src\main\webapp\conf\Catalina\localhost\ROOT.xml]의 배치가 [362] 밀리초 내에 완료되었습니다.
11-Mar-2024 13:19:40.477 정보 [main] org.apache.coyote.AbstractProtocol.start 프로토콜 핸들러 ["http-nio-8080"]을(를) 시작합니다.
11-Mar-2024 13:19:40.506 정보 [main] org.apache.catalina.startup.Catalina.start 서버가 [451] 밀리초 내에 시작되었습니다.
